<testsuite name="Mocha Tests" tests="3" failures="0" errors="0" skipped="0" timestamp="Thu, 16 Jun 2016 16:42:48 GMT" time="0.004">
<testcase classname="ProvinceFullName.getProvinceFullNameByShort()" name="should get full name for BC (case insensitive)" time="0"/>
<testcase classname="ProvinceFullName.getProvinceFullNameByShort()" name="should get full name for bc (case insensitive)" time="0"/>
<testcase classname="ProvinceFullName.getProvinceFullNameByShort()" name="should return Unknown for others" time="0"/>
</testsuite>
